time="2023-09-21T21:03:51+06:00" level=info msg="start application" func="main.main()" file="main.go:13"
time="2023-09-21T21:03:51+06:00" level=info msg="read application configuration" func="Advertising/configs.GetConfig.func1()" file="config.go:24"
time="2023-09-21T21:07:43+06:00" level=info msg="start application" func="main.main()" file="main.go:13"
time="2023-09-21T21:07:43+06:00" level=info msg="read application configuration" func="Advertising/configs.GetConfig.func1()" file="config.go:24"
time="2023-09-21T21:08:02+06:00" level=info msg="start application" func="main.main()" file="main.go:13"
time="2023-09-21T21:08:02+06:00" level=info msg="read application configuration" func="Advertising/configs.GetConfig.func1()" file="config.go:24"
time="2023-09-21T21:08:02+06:00" level=info msg="start application" func="Advertising.(*Server).Run()" file="server.go:17"
time="2023-09-21T21:08:02+06:00" level=info msg="Error while starting application" func="main.main()" file="main.go:18"
time="2023-09-21T21:09:19+06:00" level=info msg="start application" func="main.main()" file="main.go:13"
time="2023-09-21T21:09:19+06:00" level=info msg="read application configuration" func="Advertising/configs.GetConfig.func1()" file="config.go:24"
time="2023-09-21T21:09:19+06:00" level=info msg="start application" func="Advertising.(*Server).Run()" file="server.go:17"
time="2023-09-21T21:09:19+06:00" level=info msg="Error while starting application" func="main.main()" file="main.go:18"
time="2023-09-21T21:09:42+06:00" level=info msg="start application" func="main.main()" file="main.go:14"
time="2023-09-21T21:09:42+06:00" level=info msg="read application configuration" func="Advertising/configs.GetConfig.func1()" file="config.go:24"
time="2023-09-21T21:09:42+06:00" level=info msg="start application" func="Advertising.(*Server).Run()" file="server.go:17"
time="2023-09-21T21:09:42+06:00" level=info msg="Error while starting application" func="main.main()" file="main.go:20"
time="2023-09-21T21:10:01+06:00" level=info msg="start application" func="main.main()" file="main.go:14"
time="2023-09-21T21:10:01+06:00" level=info msg="read application configuration" func="Advertising/configs.GetConfig.func1()" file="config.go:24"
time="2023-09-21T21:10:01+06:00" level=info msg="start application" func="Advertising.(*Server).Run()" file="server.go:17"
time="2023-09-21T21:10:01+06:00" level=info msg="Error while starting application" func="main.main()" file="main.go:20"
time="2023-09-21T21:10:40+06:00" level=info msg="start application" func="main.main()" file="main.go:14"
time="2023-09-21T21:10:40+06:00" level=info msg="read application configuration" func="Advertising/configs.GetConfig.func1()" file="config.go:24"
time="2023-09-21T21:10:40+06:00" level=info msg="start application" func="Advertising.(*Server).Run()" file="server.go:17"
time="2023-09-21T21:10:40+06:00" level=info msg=8080 func="Advertising.(*Server).Run()" file="server.go:18"
time="2023-09-21T21:10:40+06:00" level=info msg="Error while starting application" func="main.main()" file="main.go:20"
time="2023-09-21T21:11:29+06:00" level=info msg="start application" func="main.main()" file="main.go:14"
time="2023-09-21T21:11:29+06:00" level=info msg="read application configuration" func="Advertising/configs.GetConfig.func1()" file="config.go:24"
time="2023-09-21T21:11:29+06:00" level=info msg="start application" func="Advertising.(*Server).Run()" file="server.go:17"
time="2023-09-21T21:12:22+06:00" level=info msg="start application" func="main.main()" file="main.go:13"
time="2023-09-21T21:12:22+06:00" level=info msg="read application configuration" func="Advertising/configs.GetConfig.func1()" file="config.go:24"
time="2023-09-21T21:12:22+06:00" level=info msg="start application" func="Advertising.(*Server).Run()" file="server.go:17"
time="2023-09-21T21:13:47+06:00" level=info msg="start application" func="main.main()" file="main.go:14"
time="2023-09-21T21:13:47+06:00" level=info msg="read application configuration" func="Advertising/configs.GetConfig.func1()" file="config.go:24"
time="2023-09-21T21:13:47+06:00" level=info msg="start application" func="Advertising.(*Server).Run()" file="server.go:17"
time="2023-09-21T21:14:32+06:00" level=info msg="start application" func="main.main()" file="main.go:14"
time="2023-09-21T21:14:32+06:00" level=info msg="read application configuration" func="Advertising/configs.GetConfig.func1()" file="config.go:24"
time="2023-09-21T21:14:32+06:00" level=info msg="start application" func="Advertising.(*Server).Run()" file="server.go:17"
time="2023-09-21T21:15:10+06:00" level=info msg="start application" func="main.main()" file="main.go:13"
time="2023-09-21T21:15:10+06:00" level=info msg="read application configuration" func="Advertising/configs.GetConfig.func1()" file="config.go:24"
time="2023-09-21T21:15:10+06:00" level=info msg="Starting server...\nhttp://localhost:8080/\n" func="main.main()" file="main.go:17"
time="2023-09-21T21:15:10+06:00" level=info msg="start application" func="Advertising.(*Server).Run()" file="server.go:17"
time="2023-09-22T16:17:05+06:00" level=info msg="start application" func="main.main()" file="main.go:13"
time="2023-09-22T16:17:05+06:00" level=info msg="read application configuration" func="Advertising/configs.GetConfig.func1()" file="config.go:24"
time="2023-09-22T16:17:05+06:00" level=info msg="Starting server...\nhttp://localhost:8080/\n" func="main.main()" file="main.go:17"
time="2023-09-22T16:17:05+06:00" level=info msg="start application" func="Advertising.(*Server).Run()" file="server.go:17"
time="2023-09-22T19:20:23+06:00" level=info msg="start application" func="main.main()" file="main.go:16"
time="2023-09-22T19:20:23+06:00" level=info msg="read application configuration" func="Advertising/configs.GetConfig.func1()" file="config.go:32"
time="2023-09-22T19:20:23+06:00" level=fatal msg="error while connecting to database" func="main.main()" file="main.go:21"
time="2023-09-22T19:20:50+06:00" level=info msg="start application" func="main.main()" file="main.go:16"
time="2023-09-22T19:20:50+06:00" level=info msg="read application configuration" func="Advertising/configs.GetConfig.func1()" file="config.go:32"
time="2023-09-22T19:20:50+06:00" level=fatal msg="error while connecting to database" func="main.main()" file="main.go:21"
time="2023-09-22T19:21:28+06:00" level=info msg="start application" func="main.main()" file="main.go:16"
time="2023-09-22T19:21:28+06:00" level=info msg="read application configuration" func="Advertising/configs.GetConfig.func1()" file="config.go:32"
time="2023-09-22T19:21:28+06:00" level=fatal msg="error while connecting to database" func="main.main()" file="main.go:21"
time="2023-09-22T19:25:26+06:00" level=info msg="start application" func="main.main()" file="main.go:16"
time="2023-09-22T19:25:26+06:00" level=info msg="read application configuration" func="Advertising/configs.GetConfig.func1()" file="config.go:32"
time="2023-09-22T19:25:26+06:00" level=fatal msg="error while connecting to database" func="main.main()" file="main.go:21"
time="2023-09-22T19:26:59+06:00" level=info msg="start application" func="main.main()" file="main.go:16"
time="2023-09-22T19:26:59+06:00" level=info msg="read application configuration" func="Advertising/configs.GetConfig.func1()" file="config.go:32"
time="2023-09-22T19:26:59+06:00" level=fatal msg="error while connecting to database" func="main.main()" file="main.go:21"
time="2023-09-22T19:31:50+06:00" level=info msg="start application" func="main.main()" file="main.go:16"
time="2023-09-22T19:31:50+06:00" level=info msg="read application configuration" func="Advertising/configs.GetConfig.func1()" file="config.go:32"
time="2023-09-22T19:31:50+06:00" level=fatal msg="error while connecting to database" func="main.main()" file="main.go:21"
time="2023-09-22T19:34:18+06:00" level=info msg="start application" func="main.main()" file="main.go:16"
time="2023-09-22T19:34:18+06:00" level=info msg="read application configuration" func="Advertising/configs.GetConfig.func1()" file="config.go:32"
time="2023-09-22T19:34:18+06:00" level=fatal msg="error while connecting to database" func="main.main()" file="main.go:21"
time="2023-09-22T19:36:42+06:00" level=info msg="start application" func="main.main()" file="main.go:16"
time="2023-09-22T19:36:42+06:00" level=info msg="read application configuration" func="Advertising/configs.GetConfig.func1()" file="config.go:32"
time="2023-09-22T19:36:42+06:00" level=fatal msg="error while connecting to database" func="main.main()" file="main.go:21"
time="2023-09-22T19:37:05+06:00" level=info msg="start application" func="main.main()" file="main.go:16"
time="2023-09-22T19:37:05+06:00" level=info msg="read application configuration" func="Advertising/configs.GetConfig.func1()" file="config.go:32"
time="2023-09-22T19:37:05+06:00" level=fatal msg="error while connecting to database" func="main.main()" file="main.go:21"
time="2023-09-22T19:37:34+06:00" level=info msg="start application" func="main.main()" file="main.go:16"
time="2023-09-22T19:37:34+06:00" level=info msg="read application configuration" func="Advertising/configs.GetConfig.func1()" file="config.go:32"
time="2023-09-22T19:37:34+06:00" level=fatal msg="error while connecting to database" func="main.main()" file="main.go:21"
time="2023-09-22T19:40:37+06:00" level=info msg="start application" func="main.main()" file="main.go:16"
time="2023-09-22T19:40:37+06:00" level=info msg="read application configuration" func="Advertising/configs.GetConfig.func1()" file="config.go:32"
time="2023-09-22T19:40:38+06:00" level=fatal msg="error while connecting to database" func="main.main()" file="main.go:21"
time="2023-09-22T19:46:56+06:00" level=info msg="start application" func="main.main()" file="main.go:16"
time="2023-09-22T19:46:56+06:00" level=info msg="read application configuration" func="Advertising/configs.GetConfig.func1()" file="config.go:32"
time="2023-09-22T19:46:56+06:00" level=fatal msg="error while connecting to database" func="main.main()" file="main.go:21"
time="2023-09-22T19:47:31+06:00" level=info msg="start application" func="main.main()" file="main.go:16"
time="2023-09-22T19:47:31+06:00" level=info msg="read application configuration" func="Advertising/configs.GetConfig.func1()" file="config.go:32"
time="2023-09-22T19:47:31+06:00" level=fatal msg="error while connecting to database" func="main.main()" file="main.go:21"
time="2023-09-22T19:56:23+06:00" level=info msg="start application" func="main.main()" file="main.go:16"
time="2023-09-22T19:56:23+06:00" level=info msg="read application configuration" func="Advertising/configs.GetConfig.func1()" file="config.go:32"
time="2023-09-22T19:56:23+06:00" level=fatal msg="error while connecting to database" func="main.main()" file="main.go:21"
time="2023-09-22T19:58:56+06:00" level=info msg="start application" func="main.main()" file="main.go:16"
time="2023-09-22T19:58:56+06:00" level=info msg="read application configuration" func="Advertising/configs.GetConfig.func1()" file="config.go:32"
time="2023-09-22T19:58:56+06:00" level=info msg="start application" func="Advertising.(*Server).Run()" file="server.go:17"
time="2023-09-25T01:54:03+06:00" level=info msg="start application" func="main.main()" file="main.go:16"
time="2023-09-25T01:54:03+06:00" level=info msg="read application configuration" func="Advertising/configs.GetConfig.func1()" file="config.go:32"
time="2023-09-25T01:54:03+06:00" level=fatal msg="error while connecting to database" func="main.main()" file="main.go:21"
